1/5/2017 3:12:19 PM	New Appended File Created Successfully!
1/6/2017 10:46:48 AM	New Appended File Created Successfully!
1/6/2017 2:41:12 PM	New Appended File Created Successfully!
1/6/2017 2:55:07 PM	New Appended File Created Successfully!
1/6/2017 3:05:04 PM	New Appended File Created Successfully!
1/6/2017 3:15:56 PM	Exception of type 'System.OutOfMemoryException' was thrown.
1/6/2017 3:25:37 PM	New Appended File Created Successfully!
1/19/2017 1:38:14 PM	Exception of type 'System.OutOfMemoryException' was thrown.
1/19/2017 1:39:24 PM	New Appended File Created Successfully!
1/19/2017 1:52:59 PM	Exception of type 'System.OutOfMemoryException' was thrown.
1/19/2017 1:59:20 PM	New Appended File Created Successfully!
2/9/2017 10:36:17 AM	New Appended File Created Successfully!
3/9/2017 9:31:18 AM	New Appended File Created Successfully!
3/9/2017 11:16:30 AM	Object reference not set to an instance of an object.
3/9/2017 11:16:32 AM	New Appended File Created Successfully!
3/9/2017 11:28:09 AM	New Appended File Created Successfully!
3/9/2017 11:35:19 AM	New Appended File Created Successfully!
3/9/2017 12:48:56 PM	New Appended File Created Successfully!
3/9/2017 12:52:00 PM	New Appended File Created Successfully!
3/9/2017 3:40:37 PM	New Appended File Created Successfully!
3/9/2017 3:45:59 PM	New Appended File Created Successfully!
3/9/2017 4:06:04 PM	New Appended File Created Successfully!
3/9/2017 4:07:15 PM	New Appended File Created Successfully!
3/9/2017 4:09:38 PM	New Appended File Created Successfully!
3/9/2017 4:11:14 PM	New Appended File Created Successfully!
3/9/2017 4:33:29 PM	New Appended File Created Successfully!
3/9/2017 4:34:44 PM	New Appended File Created Successfully!
3/10/2017 6:48:47 AM	New Appended File Created Successfully!
3/10/2017 7:29:47 AM	New Appended File Created Successfully!
3/10/2017 7:45:35 AM	New Appended File Created Successfully!
3/10/2017 7:50:26 AM	New Appended File Created Successfully!
3/10/2017 7:58:10 AM	New Appended File Created Successfully!
3/10/2017 8:46:55 AM	New Appended File Created Successfully!
3/10/2017 8:52:01 AM	Replace option with no replace text.  Please add 'replace' parameter to script.
3/10/2017 8:52:07 AM	New Appended File Created Successfully!
3/10/2017 9:14:00 AM	New Appended File Created Successfully!
3/10/2017 9:27:51 AM	New Appended File Created Successfully!
3/10/2017 9:30:34 AM	New Appended File Created Successfully!
3/10/2017 11:08:51 AM	New Appended File Created Successfully!
3/10/2017 11:21:06 AM	New Appended File Created Successfully!
3/10/2017 11:24:30 AM	New Appended File Created Successfully!
3/10/2017 4:59:25 PM	New Appended File Created Successfully!
3/14/2017 10:44:55 PM	New Appended File Created Successfully!
3/14/2017 10:57:41 PM	New Appended File Created Successfully!
3/14/2017 11:09:50 PM	New Appended File Created Successfully!
3/14/2017 11:10:20 PM	New Appended File Created Successfully!
3/14/2017 11:11:46 PM	New Appended File Created Successfully!
3/14/2017 11:11:59 PM	New Appended File Created Successfully!
3/14/2017 11:15:51 PM	New Appended File Created Successfully!
3/14/2017 11:17:03 PM	New Appended File Created Successfully!
3/14/2017 11:22:43 PM	New Appended File Created Successfully!
3/14/2017 11:27:05 PM	New Appended File Created Successfully!
3/14/2017 11:29:48 PM	New Appended File Created Successfully!
3/14/2017 11:34:44 PM	New Appended File Created Successfully!
3/14/2017 11:36:09 PM	New Appended File Created Successfully!
3/14/2017 11:36:37 PM	New Appended File Created Successfully!
3/14/2017 11:48:20 PM	New Appended File Created Successfully!
3/14/2017 11:55:03 PM	New Appended File Created Successfully!
3/14/2017 11:56:32 PM	New Appended File Created Successfully!
3/15/2017 12:02:23 AM	New Appended File Created Successfully!
3/20/2017 10:55:05 AM	String cannot be of zero length.
Parameter name: oldValue
3/20/2017 10:55:11 AM	New Appended File Created Successfully!
3/20/2017 11:17:34 AM	New Appended File Created Successfully!
